Arguments: 
  /usr/local/Cellar/node/13.8.0/bin/node /usr/local/bin/yarn add @angular.studio/toolbar --dev

PATH: 
  /Users/yomateod/google-cloud-sdk/bin:/usr/local/opt/mysql-client/bin:/usr/local/opt/ruby/bin:/usr/local/bin:/usr/bin:/bin:/usr/sbin:/sbin:/usr/local/share/dotnet:~/.dotnet/tools:/Library/Frameworks/Mono.framework/Versions/Current/Commands:/Applications/Xamarin Workbooks.app/Contents/SharedSupport/path-bin:/Users/yomateod/workspace/p/angular-studio-framework/node_modules/.bin

Yarn version: 
  1.22.0

Node version: 
  13.8.0

Platform: 
  darwin x64

Trace: 
  Error: https://registry.npmjs.org/@angular.studio%2ftoolbar: Not found
      at Request.params.callback [as _callback] (/usr/local/lib/node_modules/yarn/lib/cli.js:66975:18)
      at Request.self.callback (/usr/local/lib/node_modules/yarn/lib/cli.js:140727:22)
      at Request.emit (events.js:321:20)
      at Request.<anonymous> (/usr/local/lib/node_modules/yarn/lib/cli.js:141699:10)
      at Request.emit (events.js:321:20)
      at IncomingMessage.<anonymous> (/usr/local/lib/node_modules/yarn/lib/cli.js:141621:12)
      at Object.onceWrapper (events.js:427:28)
      at IncomingMessage.emit (events.js:333:22)
      at endReadableNT (_stream_readable.js:1201:12)
      at processTicksAndRejections (internal/process/task_queues.js:84:21)

npm manifest: 
  {
      "name": "card",
      "version": "0.0.1",
      "peerDependencies": {
          "@angular/common": "^9.0.2",
          "@angular/core": "^9.0.2",
          "tslib": "^1.10.0"
      },
      "devDependencies": {
          "@angular/cdk": "^9.1.0",
          "@angular/material": "^9.1.0"
      }
  }

yarn manifest: 
  No manifest

Lockfile: 
  No lockfile
